Build started 10/17/2011 11:40:54 PM.
     1>Project "C:\Users\chengfuc\Dropbox\CMUDev\NaturalPhenomena\NaturalPhenomena\NaturalPhenomena\NaturalPhenomena.vcxproj" on node 2 (build target(s)).
     1>InitializeBuildStatus:
         Creating "Debug\NaturalPhenomena.unsuccessfulbuild" because "AlwaysCreate" was specified.
       ClCompile:
         All outputs are up-to-date.
         C:\Program Files (x86)\Microsoft Visual Studio 10.0\VC\bin\CL.exe /c /ZI /nologo /W3 /WX- /Od /Oy- /D GLUT_BUILDING_LIB /D WIN32 /D _DEBUG /D _CONSOLE /D _UNICODE /D UNICODE /Gm /EHsc /RTC1 /MDd /GS /fp:precise /Zc:wchar_t /Zc:forScope /Fo"Debug\\" /Fd"Debug\vc100.pdb" /Gd /TP /analyze- /errorReport:prompt source\Integrators\ConstraintSolver.cpp
         ConstraintSolver.cpp
     1>c:\users\chengfuc\dropbox\cmudev\naturalphenomena\naturalphenomena\naturalphenomena\source\vector\matrixp.hpp(54): warning C4018: '<' : signed/unsigned mismatch
     1>c:\users\chengfuc\dropbox\cmudev\naturalphenomena\naturalphenomena\naturalphenomena\source\vector\matrixp.hpp(55): warning C4018: '<' : signed/unsigned mismatch
     1>c:\users\chengfuc\dropbox\cmudev\naturalphenomena\naturalphenomena\naturalphenomena\source\vector\matrixp.hpp(57): warning C4018: '<' : signed/unsigned mismatch
     1>c:\users\chengfuc\dropbox\cmudev\naturalphenomena\naturalphenomena\naturalphenomena\source\vector\matrixp.hpp(69): warning C4018: '<' : signed/unsigned mismatch
     1>c:\users\chengfuc\dropbox\cmudev\naturalphenomena\naturalphenomena\naturalphenomena\source\vector\matrixp.hpp(70): warning C4018: '<' : signed/unsigned mismatch
     1>c:\users\chengfuc\dropbox\cmudev\naturalphenomena\naturalphenomena\naturalphenomena\source\vector\matrixp.hpp(79): warning C4018: '<' : signed/unsigned mismatch
     1>c:\users\chengfuc\dropbox\cmudev\naturalphenomena\naturalphenomena\naturalphenomena\source\vector\matrixp.hpp(80): warning C4018: '<' : signed/unsigned mismatch
     1>c:\users\chengfuc\dropbox\cmudev\naturalphenomena\naturalphenomena\naturalphenomena\source\vector\matrixp.hpp(89): warning C4018: '<' : signed/unsigned mismatch
     1>c:\users\chengfuc\dropbox\cmudev\naturalphenomena\naturalphenomena\naturalphenomena\source\vector\matrixp.hpp(90): warning C4018: '<' : signed/unsigned mismatch
     1>c:\users\chengfuc\dropbox\cmudev\naturalphenomena\naturalphenomena\naturalphenomena\source\integrators\constraintsolver.cpp(40): warning C4018: '<' : signed/unsigned mismatch
     1>c:\users\chengfuc\dropbox\cmudev\naturalphenomena\naturalphenomena\naturalphenomena\source\integrators\constraintsolver.cpp(57): warning C4018: '<' : signed/unsigned mismatch
       ManifestResourceCompile:
         All outputs are up-to-date.
       Link:
         C:\Program Files (x86)\Microsoft Visual Studio 10.0\VC\bin\link.exe /ERRORREPORT:PROMPT /OUT:"C:\Users\chengfuc\Dropbox\CMUDev\NaturalPhenomena\NaturalPhenomena\Debug\NaturalPhenomena.exe" /INCREMENTAL /NOLOGO SDL.lib libpng.lib glut32.lib OpenGL32.Lib Glu32.lib kernel32.lib user32.lib gdi32.lib winspool.lib comdlg32.lib advapi32.lib shell32.lib ole32.lib oleaut32.lib uuid.lib odbc32.lib odbccp32.lib /MANIFEST /ManifestFile:"Debug\NaturalPhenomena.exe.intermediate.manifest" /MANIFESTUAC:"level='asInvoker' uiAccess='false'" /DEBUG /PDB:"C:\Users\chengfuc\Dropbox\CMUDev\NaturalPhenomena\NaturalPhenomena\Debug\NaturalPhenomena.pdb" /SUBSYSTEM:CONSOLE /TLBID:1 /DYNAMICBASE /NXCOMPAT /IMPLIB:"C:\Users\chengfuc\Dropbox\CMUDev\NaturalPhenomena\NaturalPhenomena\Debug\NaturalPhenomena.lib" /MACHINE:X86 Debug\NaturalPhenomena.exe.embed.manifest.res
         Debug\Camera.obj
         Debug\imageio.obj
         Debug\ConstraintSolver.obj
         Debug\EulerIntegrator.obj
         Debug\Integrator.obj
         Debug\linearSolver.obj
         Debug\MidPointIntegrator.obj
         Debug\RungeKutta.obj
         Debug\Solver.obj
         Debug\ImplicitIntegrator.obj
         Debug\CircularWireConstraint.obj
         Debug\Constraint.obj
         Debug\Force.obj
         Debug\Gravity.obj
         Debug\Particle.obj
         Debug\RodConstraint.obj
         Debug\SpringForce.obj
         Debug\TinkerToy.obj
         Debug\stdafx.obj
       Manifest:
         C:\Program Files (x86)\Microsoft SDKs\Windows\v7.0A\bin\mt.exe /nologo /verbose /out:"Debug\NaturalPhenomena.exe.embed.manifest" /manifest Debug\NaturalPhenomena.exe.intermediate.manifest
         All outputs are up-to-date.
       LinkEmbedManifest:
         All outputs are up-to-date.
         NaturalPhenomena.vcxproj -> C:\Users\chengfuc\Dropbox\CMUDev\NaturalPhenomena\NaturalPhenomena\Debug\NaturalPhenomena.exe
       FinalizeBuildStatus:
         Deleting file "Debug\NaturalPhenomena.unsuccessfulbuild".
         Touching "Debug\NaturalPhenomena.lastbuildstate".
     1>Done Building Project "C:\Users\chengfuc\Dropbox\CMUDev\NaturalPhenomena\NaturalPhenomena\NaturalPhenomena\NaturalPhenomena.vcxproj" (build target(s)).

Build succeeded.

Time Elapsed 00:00:01.80
