C:\Documents and Settings\ADMIN\My Documents\Dropbox\CMUDev\NaturalPhenomena\NaturalPhenomena\Debug\NaturalPhenomena.pdb
C:\DOCUMENTS AND SETTINGS\ADMIN\MY DOCUMENTS\DROPBOX\CMUDEV\NATURALPHENOMENA\NATURALPHENOMENA\NATURALPHENOMENA\DEBUG\CIRCULARWIRECONSTRAINT.OBJ
C:\Documents and Settings\ADMIN\My Documents\Dropbox\CMUDev\NaturalPhenomena\NaturalPhenomena\NaturalPhenomena\Debug\cl.command.1.tlog
C:\Documents and Settings\ADMIN\My Documents\Dropbox\CMUDev\NaturalPhenomena\NaturalPhenomena\NaturalPhenomena\Debug\CL.read.1.tlog
C:\Documents and Settings\ADMIN\My Documents\Dropbox\CMUDev\NaturalPhenomena\NaturalPhenomena\NaturalPhenomena\Debug\CL.write.1.tlog
C:\DOCUMENTS AND SETTINGS\ADMIN\MY DOCUMENTS\DROPBOX\CMUDEV\NATURALPHENOMENA\NATURALPHENOMENA\NATURALPHENOMENA\DEBUG\IMAGEIO.OBJ
C:\DOCUMENTS AND SETTINGS\ADMIN\MY DOCUMENTS\DROPBOX\CMUDEV\NATURALPHENOMENA\NATURALPHENOMENA\NATURALPHENOMENA\DEBUG\LINEARSOLVER.OBJ
C:\Documents and Settings\ADMIN\My Documents\Dropbox\CMUDev\NaturalPhenomena\NaturalPhenomena\NaturalPhenomena\Debug\link.2112.read.1.tlog
C:\Documents and Settings\ADMIN\My Documents\Dropbox\CMUDev\NaturalPhenomena\NaturalPhenomena\NaturalPhenomena\Debug\link.2112.write.1.tlog
C:\Documents and Settings\ADMIN\My Documents\Dropbox\CMUDev\NaturalPhenomena\NaturalPhenomena\NaturalPhenomena\Debug\link.2112-cvtres.read.1.tlog
C:\Documents and Settings\ADMIN\My Documents\Dropbox\CMUDev\NaturalPhenomena\NaturalPhenomena\NaturalPhenomena\Debug\link.2112-cvtres.write.1.tlog
C:\Documents and Settings\ADMIN\My Documents\Dropbox\CMUDev\NaturalPhenomena\NaturalPhenomena\NaturalPhenomena\Debug\link.command.1.tlog
C:\Documents and Settings\ADMIN\My Documents\Dropbox\CMUDev\NaturalPhenomena\NaturalPhenomena\NaturalPhenomena\Debug\link.read.1.tlog
C:\Documents and Settings\ADMIN\My Documents\Dropbox\CMUDev\NaturalPhenomena\NaturalPhenomena\NaturalPhenomena\Debug\link.write.1.tlog
C:\Documents and Settings\ADMIN\My Documents\Dropbox\CMUDev\NaturalPhenomena\NaturalPhenomena\NaturalPhenomena\Debug\link-cvtres.read.1.tlog
C:\Documents and Settings\ADMIN\My Documents\Dropbox\CMUDev\NaturalPhenomena\NaturalPhenomena\NaturalPhenomena\Debug\link-cvtres.write.1.tlog
C:\Documents and Settings\ADMIN\My Documents\Dropbox\CMUDev\NaturalPhenomena\NaturalPhenomena\NaturalPhenomena\Debug\mt.command.1.tlog
C:\Documents and Settings\ADMIN\My Documents\Dropbox\CMUDev\NaturalPhenomena\NaturalPhenomena\NaturalPhenomena\Debug\mt.read.1.tlog
C:\Documents and Settings\ADMIN\My Documents\Dropbox\CMUDev\NaturalPhenomena\NaturalPhenomena\NaturalPhenomena\Debug\mt.write.1.tlog
C:\Documents and Settings\ADMIN\My Documents\Dropbox\CMUDev\NaturalPhenomena\NaturalPhenomena\NaturalPhenomena\Debug\NaturalPhenomena.exe.embed.manifest
C:\DOCUMENTS AND SETTINGS\ADMIN\MY DOCUMENTS\DROPBOX\CMUDEV\NATURALPHENOMENA\NATURALPHENOMENA\NATURALPHENOMENA\DEBUG\NATURALPHENOMENA.EXE.EMBED.MANIFEST.RES
C:\Documents and Settings\ADMIN\My Documents\Dropbox\CMUDev\NaturalPhenomena\NaturalPhenomena\NaturalPhenomena\Debug\NaturalPhenomena.exe.intermediate.manifest
C:\Documents and Settings\ADMIN\My Documents\Dropbox\CMUDev\NaturalPhenomena\NaturalPhenomena\NaturalPhenomena\Debug\NaturalPhenomena.obj
C:\DOCUMENTS AND SETTINGS\ADMIN\MY DOCUMENTS\DROPBOX\CMUDEV\NATURALPHENOMENA\NATURALPHENOMENA\NATURALPHENOMENA\DEBUG\NATURALPHENOMENA.PCH
C:\Documents and Settings\ADMIN\My Documents\Dropbox\CMUDev\NaturalPhenomena\NaturalPhenomena\NaturalPhenomena\Debug\NaturalPhenomena_manifest.rc
C:\DOCUMENTS AND SETTINGS\ADMIN\MY DOCUMENTS\DROPBOX\CMUDEV\NATURALPHENOMENA\NATURALPHENOMENA\NATURALPHENOMENA\DEBUG\PARTICLE.OBJ
C:\Documents and Settings\ADMIN\My Documents\Dropbox\CMUDev\NaturalPhenomena\NaturalPhenomena\NaturalPhenomena\Debug\rc.command.1.tlog
C:\Documents and Settings\ADMIN\My Documents\Dropbox\CMUDev\NaturalPhenomena\NaturalPhenomena\NaturalPhenomena\Debug\rc.read.1.tlog
C:\Documents and Settings\ADMIN\My Documents\Dropbox\CMUDev\NaturalPhenomena\NaturalPhenomena\NaturalPhenomena\Debug\rc.write.1.tlog
C:\DOCUMENTS AND SETTINGS\ADMIN\MY DOCUMENTS\DROPBOX\CMUDEV\NATURALPHENOMENA\NATURALPHENOMENA\NATURALPHENOMENA\DEBUG\RODCONSTRAINT.OBJ
C:\DOCUMENTS AND SETTINGS\ADMIN\MY DOCUMENTS\DROPBOX\CMUDEV\NATURALPHENOMENA\NATURALPHENOMENA\NATURALPHENOMENA\DEBUG\SOLVER.OBJ
C:\DOCUMENTS AND SETTINGS\ADMIN\MY DOCUMENTS\DROPBOX\CMUDEV\NATURALPHENOMENA\NATURALPHENOMENA\NATURALPHENOMENA\DEBUG\SPRINGFORCE.OBJ
C:\DOCUMENTS AND SETTINGS\ADMIN\MY DOCUMENTS\DROPBOX\CMUDEV\NATURALPHENOMENA\NATURALPHENOMENA\NATURALPHENOMENA\DEBUG\STDAFX.OBJ
C:\DOCUMENTS AND SETTINGS\ADMIN\MY DOCUMENTS\DROPBOX\CMUDEV\NATURALPHENOMENA\NATURALPHENOMENA\NATURALPHENOMENA\DEBUG\TINKERTOY.OBJ
C:\Documents and Settings\ADMIN\My Documents\Dropbox\CMUDev\NaturalPhenomena\NaturalPhenomena\NaturalPhenomena\Debug\vc100.idb
C:\DOCUMENTS AND SETTINGS\ADMIN\MY DOCUMENTS\DROPBOX\CMUDEV\NATURALPHENOMENA\NATURALPHENOMENA\NATURALPHENOMENA\DEBUG\VC100.PDB
C:\USERS\CHENGFUC\DOCUMENTS\VISUAL STUDIO 2010\PROJECTS\NATURALPHENOMENA\DEBUG\NATURALPHENOMENA.EXE
C:\USERS\CHENGFUC\DOCUMENTS\VISUAL STUDIO 2010\PROJECTS\NATURALPHENOMENA\DEBUG\NATURALPHENOMENA.ILK
C:\USERS\CHENGFUC\DOCUMENTS\VISUAL STUDIO 2010\PROJECTS\NATURALPHENOMENA\DEBUG\NATURALPHENOMENA.PDB
C:\USERS\CHENGFUC\DOCUMENTS\VISUAL STUDIO 2010\PROJECTS\NATURALPHENOMENA\NATURALPHENOMENA\DEBUG\CIRCULARWIRECONSTRAINT.OBJ
C:\USERS\CHENGFUC\DOCUMENTS\VISUAL STUDIO 2010\PROJECTS\NATURALPHENOMENA\NATURALPHENOMENA\DEBUG\IMAGEIO.OBJ
C:\USERS\CHENGFUC\DOCUMENTS\VISUAL STUDIO 2010\PROJECTS\NATURALPHENOMENA\NATURALPHENOMENA\DEBUG\LINEARSOLVER.OBJ
C:\USERS\CHENGFUC\DOCUMENTS\VISUAL STUDIO 2010\PROJECTS\NATURALPHENOMENA\NATURALPHENOMENA\DEBUG\NATURALPHENOMENA.EXE.EMBED.MANIFEST
C:\USERS\CHENGFUC\DOCUMENTS\VISUAL STUDIO 2010\PROJECTS\NATURALPHENOMENA\NATURALPHENOMENA\DEBUG\NATURALPHENOMENA.EXE.EMBED.MANIFEST.RES
C:\USERS\CHENGFUC\DOCUMENTS\VISUAL STUDIO 2010\PROJECTS\NATURALPHENOMENA\NATURALPHENOMENA\DEBUG\NATURALPHENOMENA.EXE.INTERMEDIATE.MANIFEST
C:\USERS\CHENGFUC\DOCUMENTS\VISUAL STUDIO 2010\PROJECTS\NATURALPHENOMENA\NATURALPHENOMENA\DEBUG\NATURALPHENOMENA.OBJ
C:\USERS\CHENGFUC\DOCUMENTS\VISUAL STUDIO 2010\PROJECTS\NATURALPHENOMENA\NATURALPHENOMENA\DEBUG\NATURALPHENOMENA.PCH
C:\USERS\CHENGFUC\DOCUMENTS\VISUAL STUDIO 2010\PROJECTS\NATURALPHENOMENA\NATURALPHENOMENA\DEBUG\PARTICLE.OBJ
C:\USERS\CHENGFUC\DOCUMENTS\VISUAL STUDIO 2010\PROJECTS\NATURALPHENOMENA\NATURALPHENOMENA\DEBUG\RODCONSTRAINT.OBJ
C:\USERS\CHENGFUC\DOCUMENTS\VISUAL STUDIO 2010\PROJECTS\NATURALPHENOMENA\NATURALPHENOMENA\DEBUG\SOLVER.OBJ
C:\USERS\CHENGFUC\DOCUMENTS\VISUAL STUDIO 2010\PROJECTS\NATURALPHENOMENA\NATURALPHENOMENA\DEBUG\SPRINGFORCE.OBJ
C:\USERS\CHENGFUC\DOCUMENTS\VISUAL STUDIO 2010\PROJECTS\NATURALPHENOMENA\NATURALPHENOMENA\DEBUG\STDAFX.OBJ
C:\USERS\CHENGFUC\DOCUMENTS\VISUAL STUDIO 2010\PROJECTS\NATURALPHENOMENA\NATURALPHENOMENA\DEBUG\TINKERTOY.OBJ
C:\USERS\CHENGFUC\DOCUMENTS\VISUAL STUDIO 2010\PROJECTS\NATURALPHENOMENA\NATURALPHENOMENA\DEBUG\VC100.PDB
