Build started 11/17/2011 12:07:30 AM.
     1>Project "C:\Users\chengfuc\Dropbox\CMUDev\NaturalPhenomena\StableFluids\StableFluids.vcxproj" on node 2 (build target(s)).
     1>InitializeBuildStatus:
         Creating "Debug\StableFluids.unsuccessfulbuild" because "AlwaysCreate" was specified.
       ClCompile:
         c:\Program Files (x86)\Microsoft Visual Studio 10.0\VC\bin\CL.exe /c /I./include /ZI /nologo /W3 /WX- /Od /Oy- /D WIN32 /D _DEBUG /D _CONSOLE /D _UNICODE /D UNICODE /Gm /EHsc /RTC1 /MDd /GS /fp:precise /Zc:wchar_t /Zc:forScope /Fo"Debug\\" /Fd"Debug\vc100.pdb" /Gd /TP /analyze- /errorReport:prompt MacGrid2D.cpp
         MacGrid2D.cpp
     1>c:\users\chengfuc\dropbox\cmudev\naturalphenomena\stablefluids\macgrid2d.h(4): warning C4067: unexpected tokens following preprocessor directive - expected a newline
     1>c:\users\chengfuc\dropbox\cmudev\naturalphenomena\stablefluids\scalarfield.h(4): warning C4067: unexpected tokens following preprocessor directive - expected a newline
     1>c:\users\chengfuc\dropbox\cmudev\naturalphenomena\stablefluids\macgrid2d.h(5): warning C4067: unexpected tokens following preprocessor directive - expected a newline
     1>c:\users\chengfuc\dropbox\cmudev\naturalphenomena\stablefluids\macgrid2d.h(6): warning C4067: unexpected tokens following preprocessor directive - expected a newline
     1>c:\users\chengfuc\dropbox\cmudev\naturalphenomena\stablefluids\macgrid2d.cpp(7): warning C4067: unexpected tokens following preprocessor directive - expected a newline
     1>c:\users\chengfuc\dropbox\cmudev\naturalphenomena\stablefluids\macgrid2d.cpp(276): warning C4101: 'resultX' : unreferenced local variable
     1>c:\users\chengfuc\dropbox\cmudev\naturalphenomena\stablefluids\macgrid2d.cpp(276): warning C4101: 'resultY' : unreferenced local variable
       ManifestResourceCompile:
         All outputs are up-to-date.
       Link:
         c:\Program Files (x86)\Microsoft Visual Studio 10.0\VC\bin\link.exe /ERRORREPORT:PROMPT /OUT:"C:\Users\chengfuc\Dropbox\CMUDev\NaturalPhenomena\StableFluids\Debug\StableFluids.exe" /INCREMENTAL /NOLOGO libpng.lib kernel32.lib user32.lib gdi32.lib winspool.lib comdlg32.lib advapi32.lib shell32.lib ole32.lib oleaut32.lib uuid.lib odbc32.lib odbccp32.lib /MANIFEST /ManifestFile:"Debug\StableFluids.exe.intermediate.manifest" /MANIFESTUAC:"level='asInvoker' uiAccess='false'" /DEBUG /PDB:"C:\Users\chengfuc\Dropbox\CMUDev\NaturalPhenomena\StableFluids\Debug\StableFluids.pdb" /SUBSYSTEM:CONSOLE /TLBID:1 /DYNAMICBASE /NXCOMPAT /IMPLIB:"C:\Users\chengfuc\Dropbox\CMUDev\NaturalPhenomena\StableFluids\Debug\StableFluids.lib" /MACHINE:X86 Debug\StableFluids.exe.embed.manifest.res
         Debug\imageio.obj
         Debug\linearSolver.obj
         Debug\MacGrid2D.obj
         Debug\ScalarField.obj
         Debug\StableFluids.obj
         Debug\VectorField.obj
       Manifest:
         C:\Program Files (x86)\Microsoft SDKs\Windows\v7.0A\bin\mt.exe /nologo /verbose /out:"Debug\StableFluids.exe.embed.manifest" /manifest Debug\StableFluids.exe.intermediate.manifest
         All outputs are up-to-date.
       LinkEmbedManifest:
         All outputs are up-to-date.
         StableFluids.vcxproj -> C:\Users\chengfuc\Dropbox\CMUDev\NaturalPhenomena\StableFluids\Debug\StableFluids.exe
       FinalizeBuildStatus:
         Deleting file "Debug\StableFluids.unsuccessfulbuild".
         Touching "Debug\StableFluids.lastbuildstate".
     1>Done Building Project "C:\Users\chengfuc\Dropbox\CMUDev\NaturalPhenomena\StableFluids\StableFluids.vcxproj" (build target(s)).

Build succeeded.

Time Elapsed 00:00:02.36
