Build started 2011/10/13 3:55:02.
     1>Project "C:\Users\Jimmy\Dropbox\CMUDev\NaturalPhenomena\NaturalPhenomena\NaturalPhenomena\NaturalPhenomena.vcxproj" on node 2 (build target(s)).
     1>PrepareForBuild:
         Creating directory "C:\Users\Jimmy\Dropbox\CMUDev\NaturalPhenomena\NaturalPhenomena\Release\".
       InitializeBuildStatus:
         Creating "Release\NaturalPhenomena.unsuccessfulbuild" because "AlwaysCreate" was specified.
       ClCompile:
         c:\Program Files\Microsoft Visual Studio 10.0\VC\bin\CL.exe /c /Zi /nologo /W3 /WX- /O2 /Oi /Oy- /GL /D WIN32 /D NDEBUG /D _CONSOLE /D _UNICODE /D UNICODE /Gm- /EHsc /MD /GS /Gy /fp:precise /Zc:wchar_t /Zc:forScope /Yc"StdAfx.h" /Fp"Release\NaturalPhenomena.pch" /Fo"Release\\" /Fd"Release\vc100.pdb" /Gd /TP /analyze- /errorReport:prompt stdafx.cpp
         stdafx.cpp
         c:\Program Files\Microsoft Visual Studio 10.0\VC\bin\CL.exe /c /Zi /nologo /W3 /WX- /O2 /Oi /Oy- /GL /D WIN32 /D NDEBUG /D _CONSOLE /D _UNICODE /D UNICODE /Gm- /EHsc /MD /GS /Gy /fp:precise /Zc:wchar_t /Zc:forScope /Yu"StdAfx.h" /Fp"Release\NaturalPhenomena.pch" /Fo"Release\\" /Fd"Release\vc100.pdb" /Gd /TP /analyze- /errorReport:prompt source\Camera.cpp source\Graphics\Cache.cpp source\Graphics\Font.cpp source\Graphics\FrameDumper.cpp source\Graphics\GLExtensions.cpp source\Graphics\GLSLShader.cpp source\Graphics\Graphics.cpp source\Graphics\ShadowStencil.cpp source\Graphics\Texture.cpp source\imageio.cpp source\Integrators\Integrator.cpp source\Integrators\linearSolver.cpp source\Integrators\Solver.cpp source\Integrators\tmp\EulerIntegrater.cpp source\Integrators\ImplicitIntegrator.cpp source\Integrators\tmp\VerletIntegrater.cpp source\Particle\Constraint\CircularWireConstraint.cpp source\Particle\Constraint\Constraint.cpp source\Particle\Force\Force.cpp source\Particle\Force\Gravity.cpp source\Particle\Particle.cpp source\Particle\Constraint\RodConstraint.cpp source\Particle\Force\SpringForce.cpp source\Particle\tmp\Constrain.cpp source\Particle\tmp\Force.cpp source\Particle\tmp\GravityForce.cpp source\Particle\tmp\Particle.cpp source\Particle\tmp\PointConstrain.cpp source\Particle\tmp\SpringForce.cpp source\Particle\tmp\WindForce.cpp source\TinkerToy.cpp
         Camera.cpp
     1>source\Camera.cpp(1): warning C4627: '#include "camera.h"': skipped when looking for precompiled header use
                 Add directive to 'StdAfx.h' or rebuild precompiled header
     1>source\Camera.cpp(2): warning C4627: '#include "math.h"': skipped when looking for precompiled header use
                 Add directive to 'StdAfx.h' or rebuild precompiled header
     1>source\Camera.cpp(3): warning C4627: '#include <iostream>': skipped when looking for precompiled header use
                 Add directive to 'StdAfx.h' or rebuild precompiled header
     1>source\Camera.cpp(4): warning C4627: '#include "windows.h"': skipped when looking for precompiled header use
                 Add directive to 'StdAfx.h' or rebuild precompiled header
     1>source\Camera.cpp(191): fatal error C1010: unexpected end of file while looking for precompiled header. Did you forget to add '#include "StdAfx.h"' to your source?
         Cache.cpp
     1>source\Graphics\Cache.cpp(1): warning C4627: '#include "Cache.hpp"': skipped when looking for precompiled header use
                 Add directive to 'StdAfx.h' or rebuild precompiled header
     1>source\Graphics\Cache.cpp(2): warning C4627: '#include <iostream>': skipped when looking for precompiled header use
                 Add directive to 'StdAfx.h' or rebuild precompiled header
     1>source\Graphics\Cache.cpp(70): fatal error C1010: unexpected end of file while looking for precompiled header. Did you forget to add '#include "StdAfx.h"' to your source?
         Font.cpp
     1>source\Graphics\Font.cpp(1): warning C4627: '#include "Font.hpp"': skipped when looking for precompiled header use
                 Add directive to 'StdAfx.h' or rebuild precompiled header
     1>source\Graphics\Font.cpp(2): warning C4627: '#include "Graphics.hpp"': skipped when looking for precompiled header use
                 Add directive to 'StdAfx.h' or rebuild precompiled header
     1>source\Graphics\Font.cpp(4): warning C4627: '#include "texfont.h"': skipped when looking for precompiled header use
                 Add directive to 'StdAfx.h' or rebuild precompiled header
     1>source\Graphics\Font.cpp(7): warning C4627: '#include <iostream>': skipped when looking for precompiled header use
                 Add directive to 'StdAfx.h' or rebuild precompiled header
     1>source\Graphics\Font.cpp(76): fatal error C1010: unexpected end of file while looking for precompiled header. Did you forget to add '#include "StdAfx.h"' to your source?
         FrameDumper.cpp
     1>source\Graphics\FrameDumper.cpp(1): warning C4627: '#include "FrameDumper.hpp"': skipped when looking for precompiled header use
                 Add directive to 'StdAfx.h' or rebuild precompiled header
     1>source\Graphics\FrameDumper.cpp(7): warning C4627: '#include <io.h>': skipped when looking for precompiled header use
                 Add directive to 'StdAfx.h' or rebuild precompiled header
     1>source\Graphics\FrameDumper.cpp(8): warning C4627: '#include <dirent.h>': skipped when looking for precompiled header use
                 Add directive to 'StdAfx.h' or rebuild precompiled header
     1>source\Graphics\FrameDumper.cpp(12): warning C4627: '#include <dirent.h>': skipped when looking for precompiled header use
                 Add directive to 'StdAfx.h' or rebuild precompiled header
     1>source\Graphics\FrameDumper.cpp(13): warning C4627: '#include <errno.h>': skipped when looking for precompiled header use
                 Add directive to 'StdAfx.h' or rebuild precompiled header
     1>source\Graphics\FrameDumper.cpp(14): warning C4627: '#include <sys/stat.h>': skipped when looking for precompiled header use
                 Add directive to 'StdAfx.h' or rebuild precompiled header
     1>source\Graphics\FrameDumper.cpp(15): warning C4627: '#include <sys/types.h>': skipped when looking for precompiled header use
                 Add directive to 'StdAfx.h' or rebuild precompiled header
     1>source\Graphics\FrameDumper.cpp(16): warning C4627: '#include <poll.h>': skipped when looking for precompiled header use
                 Add directive to 'StdAfx.h' or rebuild precompiled header
     1>source\Graphics\FrameDumper.cpp(19): warning C4627: '#include <poll.h>': skipped when looking for precompiled header use
                 Add directive to 'StdAfx.h' or rebuild precompiled header
     1>source\Graphics\FrameDumper.cpp(23): warning C4627: '#include <fcntl.h>': skipped when looking for precompiled header use
                 Add directive to 'StdAfx.h' or rebuild precompiled header
     1>source\Graphics\FrameDumper.cpp(26): warning C4627: '#include <Graphics/Graphics.hpp>': skipped when looking for precompiled header use
                 Add directive to 'StdAfx.h' or rebuild precompiled header
     1>source\Graphics\FrameDumper.cpp(27): warning C4627: '#include <SDL/SDL.h>': skipped when looking for precompiled header use
                 Add directive to 'StdAfx.h' or rebuild precompiled header
     1>source\Graphics\FrameDumper.cpp(28): warning C4627: '#include <SDL/SDL_thread.h>': skipped when looking for precompiled header use
                 Add directive to 'StdAfx.h' or rebuild precompiled header
     1>source\Graphics\FrameDumper.cpp(30): warning C4627: '#include <cstdlib>': skipped when looking for precompiled header use
                 Add directive to 'StdAfx.h' or rebuild precompiled header
     1>source\Graphics\FrameDumper.cpp(31): warning C4627: '#include <sstream>': skipped when looking for precompiled header use
                 Add directive to 'StdAfx.h' or rebuild precompiled header
     1>source\Graphics\FrameDumper.cpp(32): warning C4627: '#include <iostream>': skipped when looking for precompiled header use
                 Add directive to 'StdAfx.h' or rebuild precompiled header
     1>source\Graphics\FrameDumper.cpp(33): warning C4627: '#include <assert.h>': skipped when looking for precompiled header use
                 Add directive to 'StdAfx.h' or rebuild precompiled header
     1>source\Graphics\FrameDumper.cpp(275): fatal error C1010: unexpected end of file while looking for precompiled header. Did you forget to add '#include "StdAfx.h"' to your source?
         GLExtensions.cpp
     1>source\Graphics\GLExtensions.cpp(2): warning C4627: '#include "GLExtensions.hpp"': skipped when looking for precompiled header use
                 Add directive to 'StdAfx.h' or rebuild precompiled header
     1>source\Graphics\GLExtensions.cpp(3): warning C4627: '#include <iostream>': skipped when looking for precompiled header use
                 Add directive to 'StdAfx.h' or rebuild precompiled header
     1>source\Graphics\GLExtensions.cpp(4): warning C4627: '#include <assert.h>': skipped when looking for precompiled header use
                 Add directive to 'StdAfx.h' or rebuild precompiled header
     1>source\Graphics\GLExtensions.cpp(12031): fatal error C1010: unexpected end of file while looking for precompiled header. Did you forget to add '#include "StdAfx.h"' to your source?
         GLSLShader.cpp
     1>source\Graphics\GLSLShader.cpp(1): warning C4627: '#include "GLSLShader.hpp"': skipped when looking for precompiled header use
                 Add directive to 'StdAfx.h' or rebuild precompiled header
     1>source\Graphics\GLSLShader.cpp(3): warning C4627: '#include <iostream>': skipped when looking for precompiled header use
                 Add directive to 'StdAfx.h' or rebuild precompiled header
     1>source\Graphics\GLSLShader.cpp(4): warning C4627: '#include <fstream>': skipped when looking for precompiled header use
                 Add directive to 'StdAfx.h' or rebuild precompiled header
     1>source\Graphics\GLSLShader.cpp(5): warning C4627: '#include <sstream>': skipped when looking for precompiled header use
                 Add directive to 'StdAfx.h' or rebuild precompiled header
     1>source\Graphics\GLSLShader.cpp(235): fatal error C1010: unexpected end of file while looking for precompiled header. Did you forget to add '#include "StdAfx.h"' to your source?
         Graphics.cpp
     1>source\Graphics\Graphics.cpp(1): warning C4627: '#include "Graphics.hpp"': skipped when looking for precompiled header use
                 Add directive to 'StdAfx.h' or rebuild precompiled header
     1>source\Graphics\Graphics.cpp(3): warning C4627: '#include <iostream>': skipped when looking for precompiled header use
                 Add directive to 'StdAfx.h' or rebuild precompiled header
     1>source\Graphics\Graphics.cpp(4): warning C4627: '#include <list>': skipped when looking for precompiled header use
                 Add directive to 'StdAfx.h' or rebuild precompiled header
     1>source\Graphics\Graphics.cpp(5): warning C4627: '#include <utility>': skipped when looking for precompiled header use
                 Add directive to 'StdAfx.h' or rebuild precompiled header
     1>source\Graphics\Graphics.cpp(6): warning C4627: '#include <assert.h>': skipped when looking for precompiled header use
                 Add directive to 'StdAfx.h' or rebuild precompiled header
     1>source\Graphics\Graphics.cpp(117): fatal error C1010: unexpected end of file while looking for precompiled header. Did you forget to add '#include "StdAfx.h"' to your source?
         ShadowStencil.cpp
     1>source\Graphics\ShadowStencil.cpp(1): warning C4627: '#include "ShadowStencil.hpp"': skipped when looking for precompiled header use
                 Add directive to 'StdAfx.h' or rebuild precompiled header
     1>source\Graphics\ShadowStencil.cpp(3): warning C4627: '#include <Graphics/Graphics.hpp>': skipped when looking for precompiled header use
                 Add directive to 'StdAfx.h' or rebuild precompiled header
     1>source\Graphics\ShadowStencil.cpp(4): warning C4627: '#include <Graphics/GLExtensions.hpp>': skipped when looking for precompiled header use
                 Add directive to 'StdAfx.h' or rebuild precompiled header
     1>source\Graphics\ShadowStencil.cpp(5): warning C4627: '#include <assert.h>': skipped when looking for precompiled header use
                 Add directive to 'StdAfx.h' or rebuild precompiled header
     1>source\Graphics\ShadowStencil.cpp(7): warning C4627: '#include <iostream>': skipped when looking for precompiled header use
                 Add directive to 'StdAfx.h' or rebuild precompiled header
     1>source\Graphics\ShadowStencil.cpp(53): fatal error C1010: unexpected end of file while looking for precompiled header. Did you forget to add '#include "StdAfx.h"' to your source?
         Texture.cpp
     1>source\Graphics\Texture.cpp(1): warning C4627: '#include "Texture.hpp"': skipped when looking for precompiled header use
                 Add directive to 'StdAfx.h' or rebuild precompiled header
     1>source\Graphics\Texture.cpp(2): warning C4627: '#include "Graphics.hpp"': skipped when looking for precompiled header use
                 Add directive to 'StdAfx.h' or rebuild precompiled header
     1>source\Graphics\Texture.cpp(4): warning C4627: '#include <png.h>': skipped when looking for precompiled header use
                 Add directive to 'StdAfx.h' or rebuild precompiled header
     1>source\Graphics\Texture.cpp(6): warning C4627: '#include <iostream>': skipped when looking for precompiled header use
                 Add directive to 'StdAfx.h' or rebuild precompiled header
     1>source\Graphics\Texture.cpp(172): fatal error C1010: unexpected end of file while looking for precompiled header. Did you forget to add '#include "StdAfx.h"' to your source?
         imageio.cpp
     1>source\imageio.cpp(26): warning C4627: '#include "imageio.h"': skipped when looking for precompiled header use
                 Add directive to 'StdAfx.h' or rebuild precompiled header
     1>source\imageio.cpp(211): fatal error C1010: unexpected end of file while looking for precompiled header. Did you forget to add '#include "StdAfx.h"' to your source?
         Integrator.cpp
     1>source\Integrators\Integrator.cpp(2): warning C4627: '#include <Integrators\Integrator.hpp>': skipped when looking for precompiled header use
                 Add directive to 'StdAfx.h' or rebuild precompiled header
     1>source\Integrators\Integrator.cpp(6): fatal error C1010: unexpected end of file while looking for precompiled header. Did you forget to add '#include "StdAfx.h"' to your source?
         linearSolver.cpp
     1>source\Integrators\linearSolver.cpp(1): warning C4627: '#include "linearSolver.h"': skipped when looking for precompiled header use
                 Add directive to 'StdAfx.h' or rebuild precompiled header
     1>source\Integrators\linearSolver.cpp(125): fatal error C1010: unexpected end of file while looking for precompiled header. Did you forget to add '#include "StdAfx.h"' to your source?
         Solver.cpp
     1>source\Integrators\Solver.cpp(7): warning C4627: '#include <Integrators\Solver.hpp>': skipped when looking for precompiled header use
                 Add directive to 'StdAfx.h' or rebuild precompiled header
     1>source\Integrators\Solver.cpp(87): fatal error C1010: unexpected end of file while looking for precompiled header. Did you forget to add '#include "StdAfx.h"' to your source?
         EulerIntegrater.cpp
     1>source\Integrators\tmp\EulerIntegrater.cpp(1): warning C4627: '#include "EulerIntegrater.hpp"': skipped when looking for precompiled header use
                 Add directive to 'StdAfx.h' or rebuild precompiled header
     1>source\Integrators\tmp\EulerIntegrater.cpp(15): fatal error C1010: unexpected end of file while looking for precompiled header. Did you forget to add '#include "StdAfx.h"' to your source?
         ImplicitIntegrator.cpp
     1>source\Integrators\ImplicitIntegrator.cpp(5): warning C4627: '#include <Integrators\Solver.hpp>': skipped when looking for precompiled header use
                 Add directive to 'StdAfx.h' or rebuild precompiled header
     1>source\Integrators\ImplicitIntegrator.cpp(6): warning C4627: '#include <Integrators\linearSolver.h>': skipped when looking for precompiled header use
                 Add directive to 'StdAfx.h' or rebuild precompiled header
     1>source\Integrators\ImplicitIntegrator.cpp(7): warning C4627: '#include <Integrators\ImplicitIntegrator.h>': skipped when looking for precompiled header use
                 Add directive to 'StdAfx.h' or rebuild precompiled header
     1>source\Integrators\ImplicitIntegrator.cpp(8): warning C4627: '#include <Integrators\Integrator.hpp>': skipped when looking for precompiled header use
                 Add directive to 'StdAfx.h' or rebuild precompiled header
     1>source\Integrators\ImplicitIntegrator.cpp(28): fatal error C1010: unexpected end of file while looking for precompiled header. Did you forget to add '#include "StdAfx.h"' to your source?
         VerletIntegrater.cpp
     1>source\Integrators\tmp\VerletIntegrater.cpp(1): warning C4627: '#include "VerletIntegrater.hpp"': skipped when looking for precompiled header use
                 Add directive to 'StdAfx.h' or rebuild precompiled header
     1>source\Integrators\tmp\VerletIntegrater.cpp(21): fatal error C1010: unexpected end of file while looking for precompiled header. Did you forget to add '#include "StdAfx.h"' to your source?
         CircularWireConstraint.cpp
     1>source\Particle\Constraint\CircularWireConstraint.cpp(1): warning C4627: '#include "CircularWireConstraint.h"': skipped when looking for precompiled header use
                 Add directive to 'StdAfx.h' or rebuild precompiled header
     1>source\Particle\Constraint\CircularWireConstraint.cpp(2): warning C4627: '#include <GL/glut.h>': skipped when looking for precompiled header use
                 Add directive to 'StdAfx.h' or rebuild precompiled header
     1>source\Particle\Constraint\CircularWireConstraint.cpp(25): fatal error C1010: unexpected end of file while looking for precompiled header. Did you forget to add '#include "StdAfx.h"' to your source?
         Constraint.cpp
     1>source\Particle\Constraint\Constraint.cpp(1): warning C4627: '#include "Constraint.hpp"': skipped when looking for precompiled header use
                 Add directive to 'StdAfx.h' or rebuild precompiled header
     1>source\Particle\Constraint\Constraint.cpp(6): fatal error C1010: unexpected end of file while looking for precompiled header. Did you forget to add '#include "StdAfx.h"' to your source?
         Force.cpp
     1>source\Particle\Force\Force.cpp(1): warning C4627: '#include "Force.hpp"': skipped when looking for precompiled header use
                 Add directive to 'StdAfx.h' or rebuild precompiled header
     1>source\Particle\Force\Force.cpp(6): fatal error C1010: unexpected end of file while looking for precompiled header. Did you forget to add '#include "StdAfx.h"' to your source?
         Gravity.cpp
     1>source\Particle\Force\Gravity.cpp(1): warning C4627: '#include "Gravity.h"': skipped when looking for precompiled header use
                 Add directive to 'StdAfx.h' or rebuild precompiled header
     1>source\Particle\Force\Gravity.cpp(2): warning C4627: '#include <GL/glut.h>': skipped when looking for precompiled header use
                 Add directive to 'StdAfx.h' or rebuild precompiled header
     1>source\Particle\Force\Gravity.cpp(25): fatal error C1010: unexpected end of file while looking for precompiled header. Did you forget to add '#include "StdAfx.h"' to your source?
         Compiling...
         Particle.cpp
     1>source\Particle\Particle.cpp(1): warning C4627: '#include "Particle.h"': skipped when looking for precompiled header use
                 Add directive to 'StdAfx.h' or rebuild precompiled header
     1>source\Particle\Particle.cpp(2): warning C4627: '#include <GL/glut.h>': skipped when looking for precompiled header use
                 Add directive to 'StdAfx.h' or rebuild precompiled header
     1>source\Particle\Particle.cpp(41): fatal error C1010: unexpected end of file while looking for precompiled header. Did you forget to add '#include "StdAfx.h"' to your source?
         RodConstraint.cpp
     1>source\Particle\Constraint\RodConstraint.cpp(1): warning C4627: '#include "RodConstraint.h"': skipped when looking for precompiled header use
                 Add directive to 'StdAfx.h' or rebuild precompiled header
     1>source\Particle\Constraint\RodConstraint.cpp(2): warning C4627: '#include <GL/glut.h>': skipped when looking for precompiled header use
                 Add directive to 'StdAfx.h' or rebuild precompiled header
     1>source\Particle\Constraint\RodConstraint.cpp(17): fatal error C1010: unexpected end of file while looking for precompiled header. Did you forget to add '#include "StdAfx.h"' to your source?
         SpringForce.cpp
     1>source\Particle\Force\SpringForce.cpp(1): warning C4627: '#include "SpringForce.h"': skipped when looking for precompiled header use
                 Add directive to 'StdAfx.h' or rebuild precompiled header
     1>source\Particle\Force\SpringForce.cpp(2): warning C4627: '#include <GL/glut.h>': skipped when looking for precompiled header use
                 Add directive to 'StdAfx.h' or rebuild precompiled header
     1>source\Particle\Force\SpringForce.cpp(68): fatal error C1010: unexpected end of file while looking for precompiled header. Did you forget to add '#include "StdAfx.h"' to your source?
         Constrain.cpp
     1>source\Particle\tmp\Constrain.cpp(1): warning C4627: '#include "Constrain.hpp"': skipped when looking for precompiled header use
                 Add directive to 'StdAfx.h' or rebuild precompiled header
     1>source\Particle\tmp\Constrain.cpp(6): fatal error C1010: unexpected end of file while looking for precompiled header. Did you forget to add '#include "StdAfx.h"' to your source?
         Force.cpp
     1>source\Particle\tmp\Force.cpp(1): warning C4627: '#include "Force.hpp"': skipped when looking for precompiled header use
                 Add directive to 'StdAfx.h' or rebuild precompiled header
     1>source\Particle\tmp\Force.cpp(6): fatal error C1010: unexpected end of file while looking for precompiled header. Did you forget to add '#include "StdAfx.h"' to your source?
         GravityForce.cpp
     1>source\Particle\tmp\GravityForce.cpp(1): warning C4627: '#include "GravityForce.hpp"': skipped when looking for precompiled header use
                 Add directive to 'StdAfx.h' or rebuild precompiled header
     1>source\Particle\tmp\GravityForce.cpp(24): fatal error C1010: unexpected end of file while looking for precompiled header. Did you forget to add '#include "StdAfx.h"' to your source?
         Particle.cpp
     1>source\Particle\tmp\Particle.cpp(1): warning C4627: '#include "Particle.hpp"': skipped when looking for precompiled header use
                 Add directive to 'StdAfx.h' or rebuild precompiled header
     1>source\Particle\tmp\Particle.cpp(42): fatal error C1010: unexpected end of file while looking for precompiled header. Did you forget to add '#include "StdAfx.h"' to your source?
         PointConstrain.cpp
     1>source\Particle\tmp\PointConstrain.cpp(1): warning C4627: '#include "PointConstrain.hpp"': skipped when looking for precompiled header use
                 Add directive to 'StdAfx.h' or rebuild precompiled header
     1>source\Particle\tmp\PointConstrain.cpp(20): fatal error C1010: unexpected end of file while looking for precompiled header. Did you forget to add '#include "StdAfx.h"' to your source?
         SpringForce.cpp
     1>source\Particle\tmp\SpringForce.cpp(1): warning C4627: '#include "SpringForce.hpp"': skipped when looking for precompiled header use
                 Add directive to 'StdAfx.h' or rebuild precompiled header
     1>source\Particle\tmp\SpringForce.cpp(46): fatal error C1010: unexpected end of file while looking for precompiled header. Did you forget to add '#include "StdAfx.h"' to your source?
         WindForce.cpp
     1>source\Particle\tmp\WindForce.cpp(1): warning C4627: '#include "WindForce.hpp"': skipped when looking for precompiled header use
                 Add directive to 'StdAfx.h' or rebuild precompiled header
     1>source\Particle\tmp\WindForce.cpp(3): warning C4627: '#include <stdlib.h>': skipped when looking for precompiled header use
                 Add directive to 'StdAfx.h' or rebuild precompiled header
     1>source\Particle\tmp\WindForce.cpp(5): warning C4627: '#include <time.h>': skipped when looking for precompiled header use
                 Add directive to 'StdAfx.h' or rebuild precompiled header
     1>source\Particle\tmp\WindForce.cpp(55): fatal error C1010: unexpected end of file while looking for precompiled header. Did you forget to add '#include "StdAfx.h"' to your source?
         TinkerToy.cpp
     1>source\TinkerToy.cpp(4): warning C4627: '#include <stdlib.h>': skipped when looking for precompiled header use
                 Add directive to 'StdAfx.h' or rebuild precompiled header
     1>source\TinkerToy.cpp(6): warning C4627: '#include <Particle\Particle.h>': skipped when looking for precompiled header use
                 Add directive to 'StdAfx.h' or rebuild precompiled header
     1>source\TinkerToy.cpp(7): warning C4627: '#include <Particle\Force\SpringForce.h>': skipped when looking for precompiled header use
                 Add directive to 'StdAfx.h' or rebuild precompiled header
     1>source\TinkerToy.cpp(8): warning C4627: '#include <Particle\Constraint\RodConstraint.h>': skipped when looking for precompiled header use
                 Add directive to 'StdAfx.h' or rebuild precompiled header
     1>source\TinkerToy.cpp(9): warning C4627: '#include <Particle\Constraint\CircularWireConstraint.h>': skipped when looking for precompiled header use
                 Add directive to 'StdAfx.h' or rebuild precompiled header
     1>source\TinkerToy.cpp(10): warning C4627: '#include <Particle\Constraint\Constraint.hpp>': skipped when looking for precompiled header use
                 Add directive to 'StdAfx.h' or rebuild precompiled header
     1>source\TinkerToy.cpp(11): warning C4627: '#include "imageio.h"': skipped when looking for precompiled header use
                 Add directive to 'StdAfx.h' or rebuild precompiled header
     1>source\TinkerToy.cpp(13): warning C4627: '#include <vector>': skipped when looking for precompiled header use
                 Add directive to 'StdAfx.h' or rebuild precompiled header
     1>source\TinkerToy.cpp(16): warning C4627: '#include <Vector\Vector.hpp>': skipped when looking for precompiled header use
                 Add directive to 'StdAfx.h' or rebuild precompiled header
     1>source\TinkerToy.cpp(17): warning C4627: '#include <Vector\Matrix.hpp>': skipped when looking for precompiled header use
                 Add directive to 'StdAfx.h' or rebuild precompiled header
     1>source\TinkerToy.cpp(18): warning C4627: '#include "Camera.h"': skipped when looking for precompiled header use
                 Add directive to 'StdAfx.h' or rebuild precompiled header
     1>source\TinkerToy.cpp(19): warning C4627: '#include <GL/glut.h>': skipped when looking for precompiled header use
                 Add directive to 'StdAfx.h' or rebuild precompiled header
     1>source\TinkerToy.cpp(20): warning C4627: '#include <Integrators\Solver.hpp>': skipped when looking for precompiled header use
                 Add directive to 'StdAfx.h' or rebuild precompiled header
     1>source\TinkerToy.cpp(21): warning C4627: '#include <Integrators\common.h>': skipped when looking for precompiled header use
                 Add directive to 'StdAfx.h' or rebuild precompiled header
     1>source\TinkerToy.cpp(22): warning C4627: '#include <Integrators\ImplicitIntegrator.h>': skipped when looking for precompiled header use
                 Add directive to 'StdAfx.h' or rebuild precompiled header
     1>source\TinkerToy.cpp(445): fatal error C1010: unexpected end of file while looking for precompiled header. Did you forget to add '#include "StdAfx.h"' to your source?
     1>Done Building Project "C:\Users\Jimmy\Dropbox\CMUDev\NaturalPhenomena\NaturalPhenomena\NaturalPhenomena\NaturalPhenomena.vcxproj" (build target(s)) -- FAILED.

Build FAILED.

Time Elapsed 00:00:01.52
