C:\USERS\CHENGFUC\DROPBOX\CMUDEV\NATURALPHENOMENA\NATURALPHENOMENA\DEBUG\NATURALPHENOMENA.EXE
C:\USERS\CHENGFUC\DROPBOX\CMUDEV\NATURALPHENOMENA\NATURALPHENOMENA\DEBUG\NATURALPHENOMENA.ILK
C:\USERS\CHENGFUC\DROPBOX\CMUDEV\NATURALPHENOMENA\NATURALPHENOMENA\DEBUG\NATURALPHENOMENA.PDB
C:\USERS\CHENGFUC\DROPBOX\CMUDEV\NATURALPHENOMENA\NATURALPHENOMENA\NATURALPHENOMENA\DEBUG\CAMERA.OBJ
C:\USERS\CHENGFUC\DROPBOX\CMUDEV\NATURALPHENOMENA\NATURALPHENOMENA\NATURALPHENOMENA\DEBUG\CIRCULARWIRECONSTRAINT.OBJ
C:\Users\chengfuc\Dropbox\CMUDev\NaturalPhenomena\NaturalPhenomena\NaturalPhenomena\Debug\cl.command.1.tlog
C:\Users\chengfuc\Dropbox\CMUDev\NaturalPhenomena\NaturalPhenomena\NaturalPhenomena\Debug\CL.read.1.tlog
C:\Users\chengfuc\Dropbox\CMUDev\NaturalPhenomena\NaturalPhenomena\NaturalPhenomena\Debug\CL.write.1.tlog
C:\USERS\CHENGFUC\DROPBOX\CMUDEV\NATURALPHENOMENA\NATURALPHENOMENA\NATURALPHENOMENA\DEBUG\CONSTRAINT.OBJ
C:\USERS\CHENGFUC\DROPBOX\CMUDEV\NATURALPHENOMENA\NATURALPHENOMENA\NATURALPHENOMENA\DEBUG\CONSTRAINTSOLVER.OBJ
C:\USERS\CHENGFUC\DROPBOX\CMUDEV\NATURALPHENOMENA\NATURALPHENOMENA\NATURALPHENOMENA\DEBUG\EULERINTEGRATOR.OBJ
C:\USERS\CHENGFUC\DROPBOX\CMUDEV\NATURALPHENOMENA\NATURALPHENOMENA\NATURALPHENOMENA\DEBUG\FORCE.OBJ
C:\USERS\CHENGFUC\DROPBOX\CMUDEV\NATURALPHENOMENA\NATURALPHENOMENA\NATURALPHENOMENA\DEBUG\GRAVITY.OBJ
C:\USERS\CHENGFUC\DROPBOX\CMUDEV\NATURALPHENOMENA\NATURALPHENOMENA\NATURALPHENOMENA\DEBUG\IMAGEIO.OBJ
C:\USERS\CHENGFUC\DROPBOX\CMUDEV\NATURALPHENOMENA\NATURALPHENOMENA\NATURALPHENOMENA\DEBUG\IMPLICITINTEGRATOR.OBJ
C:\USERS\CHENGFUC\DROPBOX\CMUDEV\NATURALPHENOMENA\NATURALPHENOMENA\NATURALPHENOMENA\DEBUG\INTEGRATOR.OBJ
C:\USERS\CHENGFUC\DROPBOX\CMUDEV\NATURALPHENOMENA\NATURALPHENOMENA\NATURALPHENOMENA\DEBUG\LINEARSOLVER.OBJ
C:\Users\chengfuc\Dropbox\CMUDev\NaturalPhenomena\NaturalPhenomena\NaturalPhenomena\Debug\link.5232.read.1.tlog
C:\Users\chengfuc\Dropbox\CMUDev\NaturalPhenomena\NaturalPhenomena\NaturalPhenomena\Debug\link.5232.write.1.tlog
C:\Users\chengfuc\Dropbox\CMUDev\NaturalPhenomena\NaturalPhenomena\NaturalPhenomena\Debug\link.5232-cvtres.read.1.tlog
C:\Users\chengfuc\Dropbox\CMUDev\NaturalPhenomena\NaturalPhenomena\NaturalPhenomena\Debug\link.5232-cvtres.write.1.tlog
C:\Users\chengfuc\Dropbox\CMUDev\NaturalPhenomena\NaturalPhenomena\NaturalPhenomena\Debug\link.7264.read.1.tlog
C:\Users\chengfuc\Dropbox\CMUDev\NaturalPhenomena\NaturalPhenomena\NaturalPhenomena\Debug\link.7264.write.1.tlog
C:\Users\chengfuc\Dropbox\CMUDev\NaturalPhenomena\NaturalPhenomena\NaturalPhenomena\Debug\link.7264-cvtres.read.1.tlog
C:\Users\chengfuc\Dropbox\CMUDev\NaturalPhenomena\NaturalPhenomena\NaturalPhenomena\Debug\link.7264-cvtres.write.1.tlog
C:\Users\chengfuc\Dropbox\CMUDev\NaturalPhenomena\NaturalPhenomena\NaturalPhenomena\Debug\link.7392.read.1.tlog
C:\Users\chengfuc\Dropbox\CMUDev\NaturalPhenomena\NaturalPhenomena\NaturalPhenomena\Debug\link.7392.write.1.tlog
C:\Users\chengfuc\Dropbox\CMUDev\NaturalPhenomena\NaturalPhenomena\NaturalPhenomena\Debug\link.7392-cvtres.read.1.tlog
C:\Users\chengfuc\Dropbox\CMUDev\NaturalPhenomena\NaturalPhenomena\NaturalPhenomena\Debug\link.7392-cvtres.write.1.tlog
C:\Users\chengfuc\Dropbox\CMUDev\NaturalPhenomena\NaturalPhenomena\NaturalPhenomena\Debug\link.command.1.tlog
C:\Users\chengfuc\Dropbox\CMUDev\NaturalPhenomena\NaturalPhenomena\NaturalPhenomena\Debug\link.read.1.tlog
C:\Users\chengfuc\Dropbox\CMUDev\NaturalPhenomena\NaturalPhenomena\NaturalPhenomena\Debug\link.write.1.tlog
C:\Users\chengfuc\Dropbox\CMUDev\NaturalPhenomena\NaturalPhenomena\NaturalPhenomena\Debug\link-cvtres.read.1.tlog
C:\Users\chengfuc\Dropbox\CMUDev\NaturalPhenomena\NaturalPhenomena\NaturalPhenomena\Debug\link-cvtres.write.1.tlog
C:\USERS\CHENGFUC\DROPBOX\CMUDEV\NATURALPHENOMENA\NATURALPHENOMENA\NATURALPHENOMENA\DEBUG\MIDPOINTINTEGRATOR.OBJ
C:\Users\chengfuc\Dropbox\CMUDev\NaturalPhenomena\NaturalPhenomena\NaturalPhenomena\Debug\mt.command.1.tlog
C:\Users\chengfuc\Dropbox\CMUDev\NaturalPhenomena\NaturalPhenomena\NaturalPhenomena\Debug\mt.read.1.tlog
C:\Users\chengfuc\Dropbox\CMUDev\NaturalPhenomena\NaturalPhenomena\NaturalPhenomena\Debug\mt.write.1.tlog
C:\USERS\CHENGFUC\DROPBOX\CMUDEV\NATURALPHENOMENA\NATURALPHENOMENA\NATURALPHENOMENA\DEBUG\NATURALPHENOMENA.EXE.EMBED.MANIFEST
C:\USERS\CHENGFUC\DROPBOX\CMUDEV\NATURALPHENOMENA\NATURALPHENOMENA\NATURALPHENOMENA\DEBUG\NATURALPHENOMENA.EXE.EMBED.MANIFEST.RES
C:\USERS\CHENGFUC\DROPBOX\CMUDEV\NATURALPHENOMENA\NATURALPHENOMENA\NATURALPHENOMENA\DEBUG\NATURALPHENOMENA.EXE.INTERMEDIATE.MANIFEST
C:\USERS\CHENGFUC\DROPBOX\CMUDEV\NATURALPHENOMENA\NATURALPHENOMENA\NATURALPHENOMENA\DEBUG\NATURALPHENOMENA.PCH
C:\Users\chengfuc\Dropbox\CMUDev\NaturalPhenomena\NaturalPhenomena\NaturalPhenomena\Debug\NaturalPhenomena_manifest.rc
C:\USERS\CHENGFUC\DROPBOX\CMUDEV\NATURALPHENOMENA\NATURALPHENOMENA\NATURALPHENOMENA\DEBUG\PARTICLE.OBJ
C:\Users\chengfuc\Dropbox\CMUDev\NaturalPhenomena\NaturalPhenomena\NaturalPhenomena\Debug\rc.command.1.tlog
C:\Users\chengfuc\Dropbox\CMUDev\NaturalPhenomena\NaturalPhenomena\NaturalPhenomena\Debug\rc.read.1.tlog
C:\Users\chengfuc\Dropbox\CMUDev\NaturalPhenomena\NaturalPhenomena\NaturalPhenomena\Debug\rc.write.1.tlog
C:\USERS\CHENGFUC\DROPBOX\CMUDEV\NATURALPHENOMENA\NATURALPHENOMENA\NATURALPHENOMENA\DEBUG\RODCONSTRAINT.OBJ
C:\USERS\CHENGFUC\DROPBOX\CMUDEV\NATURALPHENOMENA\NATURALPHENOMENA\NATURALPHENOMENA\DEBUG\RUNGEKUTTA.OBJ
C:\USERS\CHENGFUC\DROPBOX\CMUDEV\NATURALPHENOMENA\NATURALPHENOMENA\NATURALPHENOMENA\DEBUG\SOLVER.OBJ
C:\USERS\CHENGFUC\DROPBOX\CMUDEV\NATURALPHENOMENA\NATURALPHENOMENA\NATURALPHENOMENA\DEBUG\SPRINGFORCE.OBJ
C:\USERS\CHENGFUC\DROPBOX\CMUDEV\NATURALPHENOMENA\NATURALPHENOMENA\NATURALPHENOMENA\DEBUG\STDAFX.OBJ
C:\USERS\CHENGFUC\DROPBOX\CMUDEV\NATURALPHENOMENA\NATURALPHENOMENA\NATURALPHENOMENA\DEBUG\TINKERTOY.OBJ
C:\Users\chengfuc\Dropbox\CMUDev\NaturalPhenomena\NaturalPhenomena\NaturalPhenomena\Debug\vc100.idb
C:\USERS\CHENGFUC\DROPBOX\CMUDEV\NATURALPHENOMENA\NATURALPHENOMENA\NATURALPHENOMENA\DEBUG\VC100.PDB
